0 info it worked if it ends with ok
1 verbose cli [ 'c:\\Program Files\\nodejs\\node.exe',
1 verbose cli   'c:\\Program Files\\nodejs\\node_modules\\npm\\bin\\npm-cli.js',
1 verbose cli   'run',
1 verbose cli   'dev' ]
2 info using npm@4.0.1
3 info using node@v6.2.0
4 verbose run-script [ 'predev', 'dev', 'postdev' ]
5 info lifecycle Yous@2.0.0~predev: Yous@2.0.0
6 silly lifecycle Yous@2.0.0~predev: no script for predev, continuing
7 info lifecycle Yous@2.0.0~dev: Yous@2.0.0
8 verbose lifecycle Yous@2.0.0~dev: unsafe-perm in lifecycle true
9 verbose lifecycle Yous@2.0.0~dev: PATH: C:\Program Files\nodejs\node_modules\npm\bin\node-gyp-bin;c:\work\yous-h5\node_modules\.bin;c:\Users\zhouwei\bin;.;C:\Program Files (x86)\Git\local\bin;C:\Program Files (x86)\Git\mingw\bin;C:\Program Files (x86)\Git\bin;C:\Program Files (x86)\Git\bin;c:\Program Files (x86)\Intel\iCLS Client\;c:\Program Files\Intel\iCLS Client\;c:\windows\system32;c:\windows;c:\windows\System32\Wbem;c:\windows\System32\WindowsPowerShell\v1.0\;c:\Program Files (x86)\ATI Technologies\ATI.ACE\Core-Static;c:\Program Files\Intel\WiFi\bin\;c:\Program Files\Common Files\Intel\WirelessCommon\;c:\Program Files\Intel\Intel(R) Management Engine Components\DAL;c:\Program Files (x86)\Intel\Intel(R) Management Engine Components\DAL;c:\Program Files\Intel\Intel(R) Management Engine Components\IPT;c:\Program Files (x86)\Intel\Intel(R) Management Engine Components\IPT;c:\Program Files\TortoiseGit\bin;c:\Program Files (x86)\SSH Communications Security\SSH Secure Shell;c:\Users\zhouwei\AppData\Roaming\npm;c:\Program Files\nodejs\node_global\;c:\at-h5-nodejs;c:\tools\php-5.5.37-Win32-VC11-x64;c:\ProgramData\ComposerSetup\bin;c:\Program Files\nodejs\;c:\Program Files (x86)\Windows Kits\8.1\Windows Performance Toolkit\;c:\Program Files\Microsoft SQL Server\110\Tools\Binn\;c:\Program Files (x86)\SSH Communications Security\SSH Secure Shell;c:\Program Files\nodejs\node_global\;c:\Users\zhouwei\AppData\Roaming\Composer\vendor\bin;c:\Users\zhouwei\AppData\Roaming\npm
10 verbose lifecycle Yous@2.0.0~dev: CWD: c:\work\yous-h5
11 silly lifecycle Yous@2.0.0~dev: Args: [ '/d /s /c', 'webpack-dev-server --inline --hot --quiet' ]
12 verbose stack Error: kill ENOSYS
12 verbose stack     at exports._errnoException (util.js:953:11)
12 verbose stack     at process.kill (internal/process.js:173:13)
12 verbose stack     at process.listener (C:\Program Files\nodejs\node_modules\npm\node_modules\npmlog\node_modules\gauge\node_modules\signal-exit\index.js:86:15)
12 verbose stack     at emitNone (events.js:91:20)
12 verbose stack     at process.emit (events.js:185:7)
12 verbose stack     at processEmit (C:\Program Files\nodejs\node_modules\npm\node_modules\npmlog\node_modules\gauge\node_modules\signal-exit\index.js:146:32)
12 verbose stack     at processEmit (C:\Program Files\nodejs\node_modules\npm\node_modules\npm-registry-client\node_modules\npmlog\node_modules\gauge\node_modules\signal-exit\index.js:146:32)
12 verbose stack     at Signal.wrap.onsignal (internal/process.js:201:44)
13 verbose cwd c:\work\yous-h5
14 error Windows_NT 6.1.7601
15 error argv "c:\\Program Files\\nodejs\\node.exe" "c:\\Program Files\\nodejs\\node_modules\\npm\\bin\\npm-cli.js" "run" "dev"
16 error node v6.2.0
17 error npm  v4.0.1
18 error code ENOSYS
19 error errno ENOSYS
20 error syscall kill
21 error kill ENOSYS
22 error If you need help, you may report this error at:
22 error     <https://github.com/npm/npm/issues>
23 verbose exit [ 1, true ]
